# JRE version: OpenJDK Runtime Environment (11.0.11+9) (build 11.0.11+9-b60-7590822)
# Java VM: OpenJDK 64-Bit Server VM (11.0.11+9-b60-7590822, mixed mode, tiered, compressed oops, g1 gc, windows-amd64)
Heap:
 garbage-first heap   total 365568K, used 168600K [0x0000000700000000, 0x0000000800000000)
  region size 1024K, 127 young (130048K), 2 survivors (2048K)
 Metaspace       used 52844K, capacity 54072K, committed 54220K, reserved 1095680K
  class space    used 6528K, capacity 7079K, committed 7168K, reserved 1048576K
GC Heap History (20 events):
Event: 33.942 GC heap before
{Heap before GC invocations=97 (full 0):
 garbage-first heap   total 121856K, used 104471K [0x0000000700000000, 0x0000000800000000)
  region size 1024K, 68 young (69632K), 2 survivors (2048K)
 Metaspace       used 45254K, capacity 46348K, committed 46540K, reserved 1089536K
  class space    used 5632K, capacity 6100K, committed 6144K, reserved 1048576K
}
Event: 33.946 GC heap after
{Heap after GC invocations=98 (full 0):
 garbage-first heap   total 121856K, used 37056K [0x0000000700000000, 0x0000000800000000)
  region size 1024K, 2 young (2048K), 2 survivors (2048K)
 Metaspace       used 45254K, capacity 46348K, committed 46540K, reserved 1089536K
  class space    used 5632K, capacity 6100K, committed 6144K, reserved 1048576K
}
Event: 34.219 GC heap before
{Heap before GC invocations=98 (full 0):
 garbage-first heap   total 121856K, used 103616K [0x0000000700000000, 0x0000000800000000)
  region size 1024K, 67 young (68608K), 2 survivors (2048K)
 Metaspace       used 45254K, capacity 46348K, committed 46540K, reserved 1089536K
  class space    used 5632K, capacity 6100K, committed 6144K, reserved 1048576K
}
Event: 34.224 GC heap after
{Heap after GC invocations=99 (full 0):
 garbage-first heap   total 146432K, used 37099K [0x0000000700000000, 0x0000000800000000)
  region size 1024K, 2 young (2048K), 2 survivors (2048K)
 Metaspace       used 45254K, capacity 46348K, committed 46540K, reserved 1089536K
  class space    used 5632K, capacity 6100K, committed 6144K, reserved 1048576K
}
Event: 34.570 GC heap before
{Heap before GC invocations=99 (full 0):
 garbage-first heap   total 146432K, used 110827K [0x0000000700000000, 0x0000000800000000)
  region size 1024K, 74 young (75776K), 2 survivors (2048K)
 Metaspace       used 45254K, capacity 46348K, committed 46540K, reserved 1089536K
  class space    used 5632K, capacity 6100K, committed 6144K, reserved 1048576K
}
Event: 34.587 GC heap after
{Heap after GC invocations=100 (full 0):
 garbage-first heap   total 146432K, used 37246K [0x0000000700000000, 0x0000000800000000)
  region size 1024K, 2 young (2048K), 2 survivors (2048K)
 Metaspace       used 45254K, capacity 46348K, committed 46540K, reserved 1089536K
  class space    used 5632K, capacity 6100K, committed 6144K, reserved 1048576K
}
Event: 34.942 GC heap before
{Heap before GC invocations=100 (full 0):
 garbage-first heap   total 146432K, used 114046K [0x0000000700000000, 0x0000000800000000)
  region size 1024K, 77 young (78848K), 2 survivors (2048K)
 Metaspace       used 45254K, capacity 46348K, committed 46540K, reserved 1089536K
  class space    used 5632K, capacity 6100K, committed 6144K, reserved 1048576K
}
Event: 35.072 GC heap after
{Heap after GC invocations=101 (full 0):
 garbage-first heap   total 146432K, used 37264K [0x0000000700000000, 0x0000000800000000)
  region size 1024K, 2 young (2048K), 2 survivors (2048K)
 Metaspace       used 45254K, capacity 46348K, committed 46540K, reserved 1089536K
  class space    used 5632K, capacity 6100K, committed 6144K, reserved 1048576K
}
Event: 35.420 GC heap before
{Heap before GC invocations=101 (full 0):
 garbage-first heap   total 146432K, used 116112K [0x0000000700000000, 0x0000000800000000)
  region size 1024K, 79 young (80896K), 2 survivors (2048K)
 Metaspace       used 45259K, capacity 46416K, committed 46540K, reserved 1089536K
  class space    used 5632K, capacity 6100K, committed 6144K, reserved 1048576K
}
Event: 35.463 GC heap after
{Heap after GC invocations=102 (full 0):
 garbage-first heap   total 146432K, used 37471K [0x0000000700000000, 0x0000000800000000)
  region size 1024K, 2 young (2048K), 2 survivors (2048K)
 Metaspace       used 45259K, capacity 46416K, committed 46540K, reserved 1089536K
  class space    used 5632K, capacity 6100K, committed 6144K, reserved 1048576K
}
Event: 36.065 GC heap before
{Heap before GC invocations=102 (full 0):
 garbage-first heap   total 146432K, used 120415K [0x0000000700000000, 0x0000000800000000)
  region size 1024K, 83 young (84992K), 2 survivors (2048K)
 Metaspace       used 45260K, capacity 46416K, committed 46540K, reserved 1089536K
  class space    used 5632K, capacity 6100K, committed 6144K, reserved 1048576K
}
Event: 36.161 GC heap after
{Heap after GC invocations=103 (full 0):
 garbage-first heap   total 365568K, used 37564K [0x0000000700000000, 0x0000000800000000)
  region size 1024K, 2 young (2048K), 2 survivors (2048K)
 Metaspace       used 45260K, capacity 46416K, committed 46540K, reserved 1089536K
  class space    used 5632K, capacity 6100K, committed 6144K, reserved 1048576K
}
Event: 36.946 GC heap before
{Heap before GC invocations=103 (full 0):
 garbage-first heap   total 365568K, used 140988K [0x0000000700000000, 0x0000000800000000)
  region size 1024K, 103 young (105472K), 2 survivors (2048K)
 Metaspace       used 45260K, capacity 46416K, committed 46540K, reserved 1089536K
  class space    used 5632K, capacity 6100K, committed 6144K, reserved 1048576K
}
Event: 36.979 GC heap after
{Heap after GC invocations=104 (full 0):
 garbage-first heap   total 365568K, used 37689K [0x0000000700000000, 0x0000000800000000)
  region size 1024K, 2 young (2048K), 2 survivors (2048K)
 Metaspace       used 45260K, capacity 46416K, committed 46540K, reserved 1089536K
  class space    used 5632K, capacity 6100K, committed 6144K, reserved 1048576K
}
Event: 37.850 GC heap before
{Heap before GC invocations=104 (full 0):
 garbage-first heap   total 365568K, used 254777K [0x0000000700000000, 0x0000000800000000)
  region size 1024K, 214 young (219136K), 2 survivors (2048K)
 Metaspace       used 45260K, capacity 46416K, committed 46540K, reserved 1089536K
  class space    used 5632K, capacity 6100K, committed 6144K, reserved 1048576K
}
Event: 37.852 GC heap after
{Heap after GC invocations=105 (full 0):
 garbage-first heap   total 365568K, used 37988K [0x0000000700000000, 0x0000000800000000)
  region size 1024K, 2 young (2048K), 2 survivors (2048K)
 Metaspace       used 45260K, capacity 46416K, committed 46540K, reserved 1089536K
  class space    used 5632K, capacity 6100K, committed 6144K, reserved 1048576K
}
Event: 38.445 GC heap before
{Heap before GC invocations=105 (full 0):
 garbage-first heap   total 365568K, used 255076K [0x0000000700000000, 0x0000000800000000)
  region size 1024K, 214 young (219136K), 2 survivors (2048K)
 Metaspace       used 45262K, capacity 46416K, committed 46540K, reserved 1089536K
  class space    used 5632K, capacity 6100K, committed 6144K, reserved 1048576K
}
Event: 38.448 GC heap after
{Heap after GC invocations=106 (full 0):
 garbage-first heap   total 365568K, used 38203K [0x0000000700000000, 0x0000000800000000)
  region size 1024K, 2 young (2048K), 2 survivors (2048K)
 Metaspace       used 45262K, capacity 46416K, committed 46540K, reserved 1089536K
  class space    used 5632K, capacity 6100K, committed 6144K, reserved 1048576K
}
Event: 39.057 GC heap before
{Heap before GC invocations=106 (full 0):
 garbage-first heap   total 365568K, used 255291K [0x0000000700000000, 0x0000000800000000)
  region size 1024K, 214 young (219136K), 2 survivors (2048K)
 Metaspace       used 45262K, capacity 46416K, committed 46540K, reserved 1089536K
  class space    used 5632K, capacity 6100K, committed 6144K, reserved 1048576K
}
Event: 39.061 GC heap after
{Heap after GC invocations=107 (full 0):
 garbage-first heap   total 365568K, used 38552K [0x0000000700000000, 0x0000000800000000)
  region size 1024K, 2 young (2048K), 2 survivors (2048K)
 Metaspace       used 45262K, capacity 46416K, committed 46540K, reserved 1089536K
  class space    used 5632K, capacity 6100K, committed 6144K, reserved 1048576K
}

