# JRE version: OpenJDK Runtime Environment (11.0.11+9) (build 11.0.11+9-b60-7590822)
# Java VM: OpenJDK 64-Bit Server VM (11.0.11+9-b60-7590822, mixed mode, tiered, compressed oops, g1 gc, windows-amd64)
Heap:
 garbage-first heap   total 669696K, used 60308K [0x0000000700000000, 0x0000000800000000)
  region size 1024K, 1 young (1024K), 1 survivors (1024K)
 Metaspace       used 75824K, capacity 77933K, committed 78108K, reserved 1116160K
  class space    used 9699K, capacity 10510K, committed 10624K, reserved 1048576K
GC Heap History (20 events):
Event: 229.809 GC heap after
{Heap after GC invocations=145 (full 0):
 garbage-first heap   total 412672K, used 61338K [0x0000000700000000, 0x0000000800000000)
  region size 1024K, 4 young (4096K), 4 survivors (4096K)
 Metaspace       used 75743K, capacity 77865K, committed 78108K, reserved 1116160K
  class space    used 9698K, capacity 10510K, committed 10624K, reserved 1048576K
}
Event: 248.417 GC heap before
{Heap before GC invocations=145 (full 0):
 garbage-first heap   total 412672K, used 304026K [0x0000000700000000, 0x0000000800000000)
  region size 1024K, 241 young (246784K), 4 survivors (4096K)
 Metaspace       used 75748K, capacity 77865K, committed 78108K, reserved 1116160K
  class space    used 9698K, capacity 10510K, committed 10624K, reserved 1048576K
}
Event: 248.724 GC heap after
{Heap after GC invocations=146 (full 0):
 garbage-first heap   total 495616K, used 61470K [0x0000000700000000, 0x0000000800000000)
  region size 1024K, 4 young (4096K), 4 survivors (4096K)
 Metaspace       used 75748K, capacity 77865K, committed 78108K, reserved 1116160K
  class space    used 9698K, capacity 10510K, committed 10624K, reserved 1048576K
}
Event: 250.201 GC heap before
{Heap before GC invocations=146 (full 0):
 garbage-first heap   total 495616K, used 120862K [0x0000000700000000, 0x0000000800000000)
  region size 1024K, 62 young (63488K), 4 survivors (4096K)
 Metaspace       used 75748K, capacity 77865K, committed 78108K, reserved 1116160K
  class space    used 9698K, capacity 10510K, committed 10624K, reserved 1048576K
}
Event: 250.221 GC heap after
{Heap after GC invocations=147 (full 0):
 garbage-first heap   total 495616K, used 61512K [0x0000000700000000, 0x0000000800000000)
  region size 1024K, 4 young (4096K), 4 survivors (4096K)
 Metaspace       used 75748K, capacity 77865K, committed 78108K, reserved 1116160K
  class space    used 9698K, capacity 10510K, committed 10624K, reserved 1048576K
}
Event: 252.203 GC heap before
{Heap before GC invocations=147 (full 0):
 garbage-first heap   total 495616K, used 134216K [0x0000000700000000, 0x0000000800000000)
  region size 1024K, 76 young (77824K), 4 survivors (4096K)
 Metaspace       used 75750K, capacity 77865K, committed 78108K, reserved 1116160K
  class space    used 9698K, capacity 10510K, committed 10624K, reserved 1048576K
}
Event: 252.317 GC heap after
{Heap after GC invocations=148 (full 0):
 garbage-first heap   total 495616K, used 60780K [0x0000000700000000, 0x0000000800000000)
  region size 1024K, 4 young (4096K), 4 survivors (4096K)
 Metaspace       used 75750K, capacity 77865K, committed 78108K, reserved 1116160K
  class space    used 9698K, capacity 10510K, committed 10624K, reserved 1048576K
}
Event: 259.837 GC heap before
{Heap before GC invocations=148 (full 0):
 garbage-first heap   total 495616K, used 145772K [0x0000000700000000, 0x0000000800000000)
  region size 1024K, 88 young (90112K), 4 survivors (4096K)
 Metaspace       used 75755K, capacity 77865K, committed 78108K, reserved 1116160K
  class space    used 9698K, capacity 10510K, committed 10624K, reserved 1048576K
}
Event: 260.011 GC heap after
{Heap after GC invocations=149 (full 0):
 garbage-first heap   total 495616K, used 58893K [0x0000000700000000, 0x0000000800000000)
  region size 1024K, 2 young (2048K), 2 survivors (2048K)
 Metaspace       used 75755K, capacity 77865K, committed 78108K, reserved 1116160K
  class space    used 9698K, capacity 10510K, committed 10624K, reserved 1048576K
}
Event: 263.472 GC heap before
{Heap before GC invocations=149 (full 0):
 garbage-first heap   total 495616K, used 146957K [0x0000000700000000, 0x0000000800000000)
  region size 1024K, 88 young (90112K), 2 survivors (2048K)
 Metaspace       used 75761K, capacity 77865K, committed 78108K, reserved 1116160K
  class space    used 9698K, capacity 10510K, committed 10624K, reserved 1048576K
}
Event: 263.533 GC heap after
{Heap after GC invocations=150 (full 0):
 garbage-first heap   total 495616K, used 58433K [0x0000000700000000, 0x0000000800000000)
  region size 1024K, 2 young (2048K), 2 survivors (2048K)
 Metaspace       used 75761K, capacity 77865K, committed 78108K, reserved 1116160K
  class space    used 9698K, capacity 10510K, committed 10624K, reserved 1048576K
}
Event: 268.235 GC heap before
{Heap before GC invocations=150 (full 0):
 garbage-first heap   total 495616K, used 157761K [0x0000000700000000, 0x0000000800000000)
  region size 1024K, 99 young (101376K), 2 survivors (2048K)
 Metaspace       used 75771K, capacity 77865K, committed 78108K, reserved 1116160K
  class space    used 9699K, capacity 10510K, committed 10624K, reserved 1048576K
}
Event: 268.247 GC heap after
{Heap after GC invocations=151 (full 0):
 garbage-first heap   total 495616K, used 58336K [0x0000000700000000, 0x0000000800000000)
  region size 1024K, 2 young (2048K), 2 survivors (2048K)
 Metaspace       used 75771K, capacity 77865K, committed 78108K, reserved 1116160K
  class space    used 9699K, capacity 10510K, committed 10624K, reserved 1048576K
}
Event: 269.780 GC heap before
{Heap before GC invocations=151 (full 0):
 garbage-first heap   total 495616K, used 174048K [0x0000000700000000, 0x0000000800000000)
  region size 1024K, 115 young (117760K), 2 survivors (2048K)
 Metaspace       used 75777K, capacity 77866K, committed 78108K, reserved 1116160K
  class space    used 9699K, capacity 10510K, committed 10624K, reserved 1048576K
}
Event: 269.802 GC heap after
{Heap after GC invocations=152 (full 0):
 garbage-first heap   total 495616K, used 59169K [0x0000000700000000, 0x0000000800000000)
  region size 1024K, 2 young (2048K), 2 survivors (2048K)
 Metaspace       used 75777K, capacity 77866K, committed 78108K, reserved 1116160K
  class space    used 9699K, capacity 10510K, committed 10624K, reserved 1048576K
}
Event: 272.870 GC heap before
{Heap before GC invocations=152 (full 0):
 garbage-first heap   total 495616K, used 190241K [0x0000000700000000, 0x0000000800000000)
  region size 1024K, 130 young (133120K), 2 survivors (2048K)
 Metaspace       used 75782K, capacity 77868K, committed 78108K, reserved 1116160K
  class space    used 9699K, capacity 10510K, committed 10624K, reserved 1048576K
}
Event: 272.888 GC heap after
{Heap after GC invocations=153 (full 0):
 garbage-first heap   total 495616K, used 59450K [0x0000000700000000, 0x0000000800000000)
  region size 1024K, 3 young (3072K), 3 survivors (3072K)
 Metaspace       used 75782K, capacity 77868K, committed 78108K, reserved 1116160K
  class space    used 9699K, capacity 10510K, committed 10624K, reserved 1048576K
}
Event: 279.176 GC heap before
{Heap before GC invocations=153 (full 0):
 garbage-first heap   total 495616K, used 205882K [0x0000000700000000, 0x0000000800000000)
  region size 1024K, 144 young (147456K), 3 survivors (3072K)
 Metaspace       used 75792K, capacity 77868K, committed 78108K, reserved 1116160K
  class space    used 9699K, capacity 10510K, committed 10624K, reserved 1048576K
}
Event: 279.365 GC heap after
{Heap after GC invocations=154 (full 0):
 garbage-first heap   total 495616K, used 58635K [0x0000000700000000, 0x0000000800000000)
  region size 1024K, 2 young (2048K), 2 survivors (2048K)
 Metaspace       used 75792K, capacity 77868K, committed 78108K, reserved 1116160K
  class space    used 9699K, capacity 10510K, committed 10624K, reserved 1048576K
}
Event: 338.539 GC heap before
{Heap before GC invocations=154 (full 0):
 garbage-first heap   total 495616K, used 208139K [0x0000000700000000, 0x0000000800000000)
  region size 1024K, 144 young (147456K), 2 survivors (2048K)
 Metaspace       used 75824K, capacity 77933K, committed 78108K, reserved 1116160K
  class space    used 9699K, capacity 10510K, committed 10624K, reserved 1048576K
}

